<?xml version="1.0" encoding="UTF-8"?>
<!-- Generated by org.testng.reporters.JUnitXMLReporter -->
<testsuite hostname="WINDOWS-BED5AOG" name="regressionTest" tests="3" failures="0" timestamp="6 Apr 2017 00:18:26 GMT" time="29.966" errors="0">
  <testcase name="testLoginPage" time="3.687" classname="TestCases.VerifyLoginPageWithReports"/>
  <testcase name="testHomePage" time="0.011" classname="TestCases.VerifyHomePage"/>
  <testcase name="testLoginPage" time="2.285" classname="TestCases.VerifyLoginPage"/>
</testsuite> <!-- regressionTest -->
