<?xml version="1.0" encoding="UTF-8"?>
<testng-results skipped="0" failed="0" total="1" passed="1">
  <reporter-output>
  </reporter-output>
  <suite name="Default suite" duration-ms="16453" started-at="2017-04-07T13:40:17Z" finished-at="2017-04-07T13:40:33Z">
    <groups>
    </groups>
    <test name="Default test" duration-ms="16453" started-at="2017-04-07T13:40:17Z" finished-at="2017-04-07T13:40:33Z">
      <class name="TestCases.VerifyLoginPageWithReports">
        <test-method status="PASS" signature="SetUp()[pri:0, instance:TestCases.VerifyLoginPageWithReports@59fa1d9b]" name="SetUp" is-config="true" duration-ms="10182" started-at="2017-04-07T09:40:17Z" finished-at="2017-04-07T09:40:27Z">
          <reporter-output>
          </reporter-output>
        </test-method> <!-- SetUp -->
        <test-method status="PASS" signature="testLoginPage()[pri:0, instance:TestCases.VerifyLoginPageWithReports@59fa1d9b]" name="testLoginPage" duration-ms="4176" started-at="2017-04-07T09:40:27Z" finished-at="2017-04-07T09:40:31Z">
          <reporter-output>
          </reporter-output>
        </test-method> <!-- testLoginPage -->
        <test-method status="PASS" signature="tearDown(org.testng.ITestResult)[pri:0, instance:TestCases.VerifyLoginPageWithReports@59fa1d9b]" name="tearDown" is-config="true" duration-ms="2083" started-at="2017-04-07T09:40:31Z" finished-at="2017-04-07T09:40:33Z">
          <params>
            <param index="0">
              <value>
                <![CDATA[[TestResult name=testLoginPage status=SUCCESS method=VerifyLoginPageWithReports.testLoginPage()[pri:0, instance:TestCases.VerifyLoginPageWithReports@59fa1d9b] output={null}]]]>
              </value>
            </param>
          </params>
          <reporter-output>
          </reporter-output>
        </test-method> <!-- tearDown -->
      </class> <!-- TestCases.VerifyLoginPageWithReports -->
    </test> <!-- Default test -->
  </suite> <!-- Default suite -->
</testng-results>
